<?xml version="1.0" encoding="UTF-8"?>
<!-- Generated by org.testng.reporters.JUnitReportReporter -->
<testsuite hostname="JYOTI-PC" failures="0" tests="3" name="com.comcast.contact.Contact" time="0.034" errors="0" timestamp="21 Sep 2021 11:25:14 GMT" skipped="0">
  <testcase classname="com.comcast.contact.Contact" name="createContactTest" time="0.027"/>
  <testcase classname="com.comcast.contact.Contact" name="deleteContactTest" time="0.003"/>
  <testcase classname="com.comcast.contact.Contact" name="createContactWithOrgTest" time="0.004"/>
</testsuite> <!-- com.comcast.contact.Contact -->
